[16:07:09] [main/INFO]: Environment: authHost='https://authserver.mojang.com', accountsHost='https://api.mojang.com', sessionHost='https://sessionserver.mojang.com', servicesHost='https://api.minecraftservices.com', name='PROD'
[16:07:09] [main/WARN]: Ambiguity between arguments [teleport, location] and [teleport, destination] with inputs: [0.1 -0.5 .9, 0 0 0]
[16:07:09] [main/WARN]: Ambiguity between arguments [teleport, location] and [teleport, targets] with inputs: [0.1 -0.5 .9, 0 0 0]
[16:07:09] [main/WARN]: Ambiguity between arguments [teleport, destination] and [teleport, targets] with inputs: [Player, 0123, @e, dd12be42-52a9-4a91-a8a1-11c01849e498]
[16:07:09] [main/WARN]: Ambiguity between arguments [teleport, targets] and [teleport, destination] with inputs: [Player, 0123, dd12be42-52a9-4a91-a8a1-11c01849e498]
[16:07:09] [main/WARN]: Ambiguity between arguments [teleport, targets, location] and [teleport, targets, destination] with inputs: [0.1 -0.5 .9, 0 0 0]
[16:07:09] [main/INFO]: Reloading ResourceManager: Default
[16:07:10] [Worker-Main-14/INFO]: Loaded 7 recipes
[16:07:10] [Worker-Main-14/INFO]: Loaded 1137 advancements
[16:07:13] [Server thread/INFO]: Starting minecraft server version 1.17.1
[16:07:13] [Server thread/INFO]: Loading properties
[16:07:13] [Server thread/INFO]: Default game type: SURVIVAL
[16:07:13] [Server thread/INFO]: Generating keypair
[16:07:13] [Server thread/INFO]: Starting Minecraft server on *:25565
[16:07:13] [Server thread/INFO]: Using epoll channel type
[16:07:13] [Server thread/WARN]: **** SERVER IS RUNNING IN OFFLINE/INSECURE MODE!
[16:07:13] [Server thread/WARN]: The server will make no attempt to authenticate usernames. Beware.
[16:07:13] [Server thread/WARN]: While this makes the game possible to play without internet access, it also opens up the ability for hackers to connect with any username they choose.
[16:07:13] [Server thread/WARN]: To change this, set "online-mode" to "true" in the server.properties file.
[16:07:13] [Server thread/INFO]: Preparing level "world"
[16:07:13] [Server thread/INFO]: Preparing start region for dimension minecraft:overworld
[16:07:14] [Worker-Main-12/INFO]: Preparing spawn area: 0%
[16:07:18] [Worker-Main-10/INFO]: Preparing spawn area: 0%
[16:07:18] [Worker-Main-9/INFO]: Preparing spawn area: 0%
[16:07:18] [Worker-Main-10/INFO]: Preparing spawn area: 0%
[16:07:18] [Worker-Main-10/INFO]: Preparing spawn area: 0%
[16:07:18] [Worker-Main-10/INFO]: Preparing spawn area: 0%
[16:07:18] [Worker-Main-10/INFO]: Preparing spawn area: 0%
[16:07:18] [Worker-Main-9/INFO]: Preparing spawn area: 0%
[16:07:18] [Worker-Main-10/INFO]: Preparing spawn area: 0%
[16:07:18] [Worker-Main-13/INFO]: Preparing spawn area: 0%
[16:07:18] [Worker-Main-13/INFO]: Preparing spawn area: 15%
[16:07:19] [Worker-Main-12/INFO]: Preparing spawn area: 68%
[16:07:19] [Worker-Main-8/INFO]: Preparing spawn area: 83%
[16:07:20] [Worker-Main-11/INFO]: Preparing spawn area: 86%
[16:07:20] [Worker-Main-13/INFO]: Preparing spawn area: 95%
[16:07:21] [Server thread/INFO]: Time elapsed: 7292 ms
[16:07:21] [Server thread/INFO]: Done (7.398s)! For help, type "help"
[16:07:55] [Server thread/INFO]: BomDiaGames[/192.168.0.15:55492] logged in with entity id 266 at (196.86588074070764, 92.0, -210.32453797373552)
[16:07:55] [Server thread/INFO]: BomDiaGames joined the game
[16:08:01] [Server thread/INFO]: iIiqwertyiIigd[/189.6.24.182:20327] logged in with entity id 277 at (185.12827346013933, 91.0, -222.0454643597992)
[16:08:01] [Server thread/INFO]: iIiqwertyiIigd joined the game
[16:08:54] [Server thread/INFO]: tlamen[/189.6.13.5:7741] logged in with entity id 455 at (167.5, 87.0, -223.5)
[16:08:54] [Server thread/INFO]: tlamen joined the game
[16:09:34] [Server thread/INFO]: Catapimbas[/186.193.129.83:7006] logged in with entity id 584 at (182.5, 76.0, -213.5)
[16:09:34] [Server thread/INFO]: Catapimbas joined the game
[16:09:42] [Server thread/INFO]: iIiqwertyiIigd has made the advancement [Stone Age]
[16:10:16] [Server thread/INFO]: BomDiaGames has made the advancement [Stone Age]
[16:10:23] [Server thread/INFO]: arturo8879[/189.6.124.80:53056] logged in with entity id 770 at (167.5, 85.0, -220.5)
[16:10:23] [Server thread/INFO]: arturo8879 joined the game
[16:10:37] [Server thread/INFO]: iIiqwertyiIigd has made the advancement [Getting an Upgrade]
[16:10:47] [Server thread/INFO]: tlamen has made the advancement [Stone Age]
[16:10:53] [Server thread/INFO]: tlamen has made the advancement [Getting an Upgrade]
[16:11:11] [Server thread/INFO]: BomDiaGames has made the advancement [Getting an Upgrade]
[16:11:45] [Server thread/INFO]: Catapimbas has made the advancement [Stone Age]
[16:11:59] [Server thread/INFO]: arturo8879 has made the advancement [Stone Age]
[16:12:16] [Server thread/INFO]: arturo8879 has made the advancement [Getting an Upgrade]
[16:12:36] [Server thread/INFO]: lol_felipe[/100.65.114.203:50094] logged in with entity id 1422 at (176.5, 72.0, -213.5)
[16:12:36] [Server thread/INFO]: lol_felipe joined the game
[16:13:38] [Server thread/INFO]: gcvsZ[/189.6.23.18:1339] logged in with entity id 1799 at (180.5, 92.0, -223.5)
[16:13:38] [Server thread/INFO]: gcvsZ joined the game
[16:13:55] [Server thread/INFO]: <gcvsZ> felipe corno
[16:15:00] [Server thread/INFO]: lol_felipe has made the advancement [Stone Age]
[16:15:05] [Server thread/INFO]: Catapimbas has made the advancement [Getting an Upgrade]
[16:15:55] [Server thread/INFO]: gcvsZ has made the advancement [Getting an Upgrade]
[16:16:31] [Server thread/INFO]: lol_felipe was slain by Catapimbas
[16:16:44] [Server thread/INFO]: iIiqwertyiIigd has made the advancement [Monster Hunter]
[16:16:47] [Server thread/INFO]: gcvsZ has made the advancement [Stone Age]
[16:17:01] [Server thread/INFO]: DavidsonOnion[/100.65.114.99:57108] logged in with entity id 3677 at (183.5, 90.0, -227.5)
[16:17:01] [Server thread/INFO]: DavidsonOnion joined the game
[16:17:11] [Server thread/INFO]: lol_felipe has made the advancement [Getting an Upgrade]
[16:18:03] [Server thread/INFO]: DavidsonOnion lost connection: Disconnected
[16:18:03] [Server thread/INFO]: DavidsonOnion left the game
[16:18:39] [Server thread/INFO]: Catapimbas has made the advancement [Monster Hunter]
[16:19:29] [Server thread/INFO]: manigoldTLC[/45.177.253.167:36944] logged in with entity id 4481 at (179.5, 79.0, -217.5)
[16:19:29] [Server thread/INFO]: manigoldTLC joined the game
[16:20:19] [Server thread/INFO]: DavidsonOnion[/100.65.114.99:57140] logged in with entity id 4740 at (187.2449925467079, 91.0, -219.96329097016738)
[16:20:19] [Server thread/INFO]: DavidsonOnion joined the game
[16:20:27] [Server thread/INFO]: BomDiaGames has made the advancement [Monster Hunter]
[16:20:55] [Server thread/INFO]: tlamen has made the advancement [Acquire Hardware]
[16:21:05] [Server thread/INFO]: tlamen has made the advancement [Isn't It Iron Pick]
[16:21:32] [Server thread/INFO]: iIiqwertyiIigd has made the advancement [Acquire Hardware]
[16:21:34] [Server thread/INFO]: manigoldTLC was slain by Zombie
[16:21:45] [Server thread/INFO]: iIiqwertyiIigd has made the advancement [Isn't It Iron Pick]
[16:22:35] [Server thread/INFO]: iIiqwertyiIigd has made the advancement [Suit Up]
[16:22:51] [Server thread/INFO]: DavidsonOnion has made the advancement [Stone Age]
[16:23:13] [Server thread/INFO]: manigoldTLC has made the advancement [Getting an Upgrade]
[16:23:45] [Server thread/INFO]: tlamen has made the advancement [Monster Hunter]
[16:23:49] [Server thread/INFO]: Catapimbas fell from a high place
[16:24:45] [Server thread/INFO]: lol_felipe was slain by gcvsZ
[16:25:04] [Server thread/INFO]: lol_felipe was slain by gcvsZ
[16:25:42] [Server thread/INFO]: gcvsZ was slain by lol_felipe
[16:27:14] [Server thread/INFO]: Catapimbas has made the advancement [Acquire Hardware]
[16:27:25] [Server thread/INFO]: manigoldTLC has made the advancement [Stone Age]
[16:27:37] [Server thread/INFO]: tlamen has made the advancement [Suit Up]
[16:28:34] [Server thread/INFO]: DavidsonOnion has made the advancement [Getting an Upgrade]
[16:29:44] [Server thread/INFO]: arturo8879 has made the advancement [Acquire Hardware]
[16:29:50] [Server thread/INFO]: arturo8879 has made the advancement [Isn't It Iron Pick]
[16:30:13] [Server thread/INFO]: Jontexman[/177.235.76.71:59437] logged in with entity id 10210 at (176.5, 88.0, -233.5)
[16:30:13] [Server thread/INFO]: Jontexman joined the game
[16:30:59] [Server thread/INFO]: Jontexman has made the advancement [Stone Age]
[16:31:07] [Server thread/INFO]: arturo8879 has made the advancement [Diamonds!]
[16:31:37] [Server thread/INFO]: arturo8879 has made the advancement [Monster Hunter]
[16:35:39] [Server thread/INFO]: arturo8879 has made the advancement [Suit Up]
[16:36:25] [Server thread/INFO]: BomDiaGames was shot by Skeleton
[16:36:28] [Server thread/INFO]: Jontexman has made the advancement [Monster Hunter]
[16:36:55] [Server thread/INFO]: DavidsonOnion has made the advancement [Acquire Hardware]
[16:37:18] [Server thread/INFO]: manigoldTLC was blown up by Creeper
[16:37:52] [Server thread/INFO]: DavidsonOnion has made the advancement [Isn't It Iron Pick]
[16:39:38] [Server thread/INFO]: gcvsZ has made the advancement [Monster Hunter]
[16:39:48] [Server thread/INFO]: lol_felipe has made the advancement [Acquire Hardware]
[16:40:35] [Server thread/INFO]: DavidsonOnion has made the advancement [Monster Hunter]
[16:40:43] [Server thread/INFO]: manigoldTLC hit the ground too hard
[16:41:22] [Server thread/INFO]: gcvsZ was slain by Spider
[16:45:19] [Server thread/INFO]: DavidsonOnion lost connection: Disconnected
[16:45:19] [Server thread/INFO]: DavidsonOnion left the game
[16:45:44] [Server thread/INFO]: Jontexman has made the advancement [Getting an Upgrade]
[16:47:23] [Server thread/WARN]: tlamen moved too quickly! -2.7721161443564313,2.0013359791121417,-9.64539541197729
[16:47:23] [Server thread/WARN]: gcvsZ moved too quickly! 7.190158410331321,0.0,7.247186933038677
[16:47:23] [Server thread/WARN]: Can't keep up! Is the server overloaded? Running 2068ms or 41 ticks behind
[16:49:02] [Server thread/INFO]: BomDiaGames has made the advancement [Acquire Hardware]
[16:49:13] [Server thread/INFO]: BomDiaGames has made the advancement [Isn't It Iron Pick]
[16:49:49] [Server thread/INFO]: BomDiaGames has made the advancement [Suit Up]
[16:52:53] [Server thread/INFO]: BomDiaGames has made the advancement [Not Today, Thank You]
[16:56:37] [Server thread/INFO]: DavidsonOnion[/100.65.114.99:65450] logged in with entity id 32396 at (234.5600321044752, 45.0, -321.69999998807907)
[16:56:37] [Server thread/INFO]: DavidsonOnion joined the game
[16:59:02] [Server thread/INFO]: Jontexman lost connection: Disconnected
[16:59:02] [Server thread/INFO]: Jontexman left the game
[16:59:03] [Server thread/INFO]: lol_felipe has made the advancement [Monster Hunter]
[16:59:11] [Server thread/INFO]: Catapimbas has made the advancement [Ice Bucket Challenge]
[17:01:33] [Server thread/INFO]: lol_felipe has made the advancement [Sweet Dreams]
[17:01:48] [Server thread/INFO]: BomDiaGames has made the advancement [Sweet Dreams]
[17:02:40] [Server thread/INFO]: lol_felipe was shot by Skeleton
[17:02:53] [Server thread/INFO]: manigoldTLC hit the ground too hard
[17:02:53] [Server thread/INFO]: gcvsZ has made the advancement [Acquire Hardware]
[17:03:00] [Server thread/INFO]: gcvsZ has made the advancement [Isn't It Iron Pick]
[17:03:11] [Server thread/INFO]: gcvsZ has made the advancement [Suit Up]
[17:03:17] [Server thread/INFO]: Catapimbas has made the advancement [Isn't It Iron Pick]
[17:06:04] [Server thread/INFO]: lol_felipe fell from a high place
[17:09:46] [Server thread/INFO]: Jontexman[/177.235.76.71:53173] logged in with entity id 44753 at (41.540313550020045, 63.28328861130675, 260.30000001192093)
[17:09:46] [Server thread/INFO]: Jontexman joined the game
[17:12:39] [Server thread/INFO]: arturo8879 has made the advancement [Not Today, Thank You]
[17:17:10] [Server thread/INFO]: Jontexman has made the advancement [Sweet Dreams]
[17:19:18] [Server thread/INFO]: iIiqwertyiIigd fell off a ladder
[17:21:07] [Server thread/INFO]: Jontexman has made the advancement [Acquire Hardware]
[17:21:24] [Server thread/INFO]: Jontexman has made the advancement [Isn't It Iron Pick]
[17:21:59] [Server thread/INFO]: iIiqwertyiIigd has made the advancement [Sweet Dreams]
[17:22:07] [Server thread/INFO]: DavidsonOnion has made the advancement [Sweet Dreams]
[17:22:08] [Server thread/INFO]: manigoldTLC has made the advancement [Sweet Dreams]
[17:22:50] [Server thread/INFO]: gcvsZ has made the advancement [Diamonds!]
[17:22:53] [Server thread/INFO]: Catapimbas has made the advancement [Suit Up]
[17:23:15] [Server thread/INFO]: manigoldTLC fell off a ladder
[17:23:41] [Server thread/INFO]: Jontexman lost connection: Disconnected
[17:23:41] [Server thread/INFO]: Jontexman left the game
[17:25:24] [Server thread/INFO]: DavidsonOnion has made the advancement [Suit Up]
[17:27:26] [Server thread/WARN]: Boat (vehicle of lol_felipe) moved wrongly! 0.35071049028966783
[17:27:26] [Server thread/WARN]: Boat (vehicle of lol_felipe) moved wrongly! 0.414564611831846
[17:35:28] [Server thread/INFO]: manigoldTLC drowned
[17:35:54] [Server thread/INFO]: Catapimbas has made the advancement [Sweet Dreams]
[17:36:36] [Server thread/INFO]: Jontexman[/177.235.76.71:49795] logged in with entity id 63039 at (157.0495462027525, 63.0, -402.7684400824767)
[17:36:36] [Server thread/INFO]: Jontexman joined the game
[17:37:13] [Server thread/INFO]: lol_felipe was slain by iIiqwertyiIigd
[17:37:21] [Server thread/INFO]: BomDiaGames has made the advancement [Diamonds!]
[17:37:38] [Server thread/INFO]: tlamen has made the advancement [Diamonds!]
[17:40:01] [Server thread/INFO]: Catapimbas has made the advancement [Diamonds!]
[17:45:16] [Server thread/INFO]: gcvsZ has made the advancement [Take Aim]
[17:45:23] [Server thread/INFO]: iIiqwertyiIigd was burnt to a crisp whilst fighting Skeleton
[17:45:51] [Server thread/INFO]: lol_felipe has made the advancement [Isn't It Iron Pick]
[17:46:57] [Server thread/INFO]: lol_felipe was shot by Skeleton
[17:47:43] [Server thread/INFO]: Jontexman has made the advancement [Suit Up]
[17:53:20] [Server thread/INFO]: iIiqwertyiIigd has made the advancement [Diamonds!]
[17:53:26] [Server thread/INFO]: arturo8879 was slain by Silverfish
[17:54:27] [Server thread/INFO]: DavidsonOnion has made the advancement [Not Today, Thank You]
[17:55:37] [Server thread/INFO]: lol_felipe has made the advancement [A Seedy Place]
[17:56:16] [Server thread/INFO]: Jontexman has made the advancement [Diamonds!]
[17:56:47] [Server thread/INFO]: gcvsZ has made the advancement [Sweet Dreams]
[17:56:50] [Server thread/INFO]: tlamen has made the advancement [Sweet Dreams]
[17:58:15] [Server thread/INFO]: arturo8879 has made the advancement [Sweet Dreams]
[17:59:04] [Server thread/INFO]: gcvsZ was slain by BomDiaGames
[17:59:28] [Server thread/INFO]: manigoldTLC has made the advancement [Suit Up]
[17:59:59] [Server thread/INFO]: manigoldTLC was slain by gcvsZ
[18:01:57] [Server thread/INFO]: <iIiqwertyiIigd> wwwwwwwwwwwwwwwwwwwwwwwww
[18:03:13] [Server thread/INFO]: DavidsonOnion has made the advancement [Diamonds!]
[18:03:27] [Server thread/INFO]: manigoldTLC was shot by gcvsZ
[18:03:34] [Server thread/INFO]: Saybin[/189.6.28.53:23417] logged in with entity id 78591 at (173.5, 76.0, -217.5)
[18:03:34] [Server thread/INFO]: Saybin joined the game
[18:03:50] [Server thread/INFO]: <DavidsonOnion> \
[18:04:05] [Server thread/INFO]: gcvsZ lost connection: Disconnected
[18:04:05] [Server thread/INFO]: gcvsZ left the game
[18:04:09] [Server thread/INFO]: manigoldTLC has made the advancement [Isn't It Iron Pick]
[18:05:26] [Server thread/INFO]: Saybin has made the advancement [Stone Age]
[18:05:44] [Server thread/INFO]: <iIiqwertyiIigd> Guilherme, entra no discord aí po
[18:05:48] [Server thread/INFO]: <Catapimbas> Entra discord
[18:05:58] [Server thread/INFO]: <Saybin> vish
[18:06:12] [Server thread/INFO]: <Saybin> ja eu entro
[18:06:37] [Server thread/INFO]: Saybin has made the advancement [Getting an Upgrade]
[18:07:06] [Server thread/INFO]: Jontexman lost connection: Disconnected
[18:07:06] [Server thread/INFO]: Jontexman left the game
[18:07:58] [Server thread/INFO]: lol_felipe hit the ground too hard
[18:09:34] [Server thread/INFO]: Saybin has made the advancement [Monster Hunter]
[18:11:05] [Server thread/INFO]: Saybin has made the advancement [Acquire Hardware]
[18:11:25] [Server thread/INFO]: Saybin has made the advancement [Isn't It Iron Pick]
[18:13:01] [Server thread/INFO]: Saybin has made the advancement [Suit Up]
[18:14:59] [Server thread/INFO]: arturo8879 has made the advancement [Hot Stuff]
[18:15:10] [Server thread/INFO]: manigoldTLC hit the ground too hard
[18:15:57] [Server thread/INFO]: lol_felipe has made the advancement [Suit Up]
[18:19:31] [Server thread/INFO]: arturo8879 has made the advancement [Who is Cutting Onions?]
[18:19:47] [Server thread/INFO]: Jontexman[/177.235.76.71:64597] logged in with entity id 87466 at (256.26044535589494, 13.0, -332.30000001192093)
[18:19:47] [Server thread/INFO]: Jontexman joined the game
[18:20:22] [Server thread/INFO]: Saybin has made the advancement [Not Today, Thank You]
[18:21:01] [Server thread/INFO]: tlamen has made the advancement [Ice Bucket Challenge]
[18:22:32] [Server thread/INFO]: arturo8879 has made the advancement [We Need to Go Deeper]
[18:22:35] [Server thread/INFO]: tlamen has made the advancement [We Need to Go Deeper]
[18:22:38] [Server thread/INFO]: Catapimbas has made the advancement [We Need to Go Deeper]
[18:22:39] [Server thread/INFO]: lol_felipe has made the advancement [We Need to Go Deeper]
[18:22:42] [Server thread/INFO]: iIiqwertyiIigd has made the advancement [We Need to Go Deeper]
[18:23:32] [Server thread/INFO]: manigoldTLC has made the advancement [We Need to Go Deeper]
[18:23:42] [Server thread/INFO]: lol_felipe has made the advancement [Hot Stuff]
[18:24:15] [Server thread/INFO]: DavidsonOnion lost connection: Disconnected
[18:24:15] [Server thread/INFO]: DavidsonOnion left the game
[18:25:55] [Server thread/INFO]: lol_felipe was slain by Magma Cube
[18:27:04] [Server thread/INFO]: Jontexman lost connection: Disconnected
[18:27:04] [Server thread/INFO]: Jontexman left the game
[18:28:19] [Server thread/INFO]: <tlamen> 18 34 -31
[18:28:25] [Server thread/INFO]: iIiqwertyiIigd burned to death
[18:29:03] [Server thread/WARN]: tlamen moved wrongly!
[18:29:47] [Server thread/INFO]: DavidsonOnion[/100.65.114.99:51408] logged in with entity id 92178 at (238.08016101409189, 16.0, -346.3680813471823)
[18:29:47] [Server thread/INFO]: DavidsonOnion joined the game
[18:30:32] [Server thread/INFO]: Saybin has made the advancement [Hot Stuff]
[18:32:30] [Server thread/INFO]: iIiqwertyiIigd tried to swim in lava
[18:33:37] [Server thread/INFO]: manigoldTLC has made the advancement [Monster Hunter]
[18:36:27] [Server thread/INFO]: arturo8879 has made the advancement [A Terrible Fortress]
[18:36:30] [Server thread/INFO]: tlamen has made the advancement [A Terrible Fortress]
[18:36:32] [Server thread/INFO]: lol_felipe has made the advancement [A Terrible Fortress]
[18:36:35] [Server thread/INFO]: Catapimbas has made the advancement [A Terrible Fortress]
[18:36:40] [Server thread/INFO]: manigoldTLC has made the advancement [A Terrible Fortress]
[18:36:49] [Server thread/INFO]: iIiqwertyiIigd has made the advancement [A Terrible Fortress]
[18:36:58] [Server thread/INFO]: arturo8879 has made the advancement [Into Fire]
[18:39:05] [Server thread/INFO]: tlamen has made the advancement [Into Fire]
[18:39:40] [Server thread/INFO]: Catapimbas has made the advancement [Into Fire]
[18:42:26] [Server thread/WARN]: Can't keep up! Is the server overloaded? Running 2007ms or 40 ticks behind
[18:44:27] [Server thread/WARN]: Boat (vehicle of iIiqwertyiIigd) moved wrongly! 0.31290790278336544
[18:44:53] [Server thread/INFO]: arturo8879 lost connection: Disconnected
[18:44:53] [Server thread/INFO]: arturo8879 left the game
[18:44:53] [Server thread/WARN]: handleDisconnection() called twice
[18:45:31] [Server thread/INFO]: arturo8879[/189.6.124.80:60643] logged in with entity id 101116 at (176.94149155459806, 64.0, -158.55166610432917)
[18:45:31] [Server thread/INFO]: arturo8879 joined the game
[18:47:07] [Server thread/INFO]: manigoldTLC tried to swim in lava
[18:47:08] [Server thread/WARN]: Boat (vehicle of iIiqwertyiIigd) moved wrongly! 0.350492816770668
[18:47:08] [Server thread/WARN]: Boat (vehicle of iIiqwertyiIigd) moved wrongly! 0.743317913784864
[18:47:26] [Server thread/WARN]: Boat (vehicle of iIiqwertyiIigd) moved wrongly! 1.1243920475915843
[18:47:26] [Server thread/WARN]: Boat (vehicle of iIiqwertyiIigd) moved wrongly! 1.1147108383688078
[18:47:26] [Server thread/WARN]: Boat (vehicle of iIiqwertyiIigd) moved wrongly! 1.1147108383688078
[18:47:26] [Server thread/WARN]: Boat (vehicle of iIiqwertyiIigd) moved wrongly! 0.9292207528625909
[18:47:26] [Server thread/WARN]: Boat (vehicle of iIiqwertyiIigd) moved wrongly! 0.8367610467446411
[18:47:26] [Server thread/WARN]: Boat (vehicle of iIiqwertyiIigd) moved wrongly! 0.744441814049992
[18:47:26] [Server thread/WARN]: Boat (vehicle of iIiqwertyiIigd) moved wrongly! 0.6522349600956545
[18:47:26] [Server thread/WARN]: Boat (vehicle of iIiqwertyiIigd) moved wrongly! 0.5601180091349534
[18:47:26] [Server thread/WARN]: Boat (vehicle of iIiqwertyiIigd) moved wrongly! 0.5601180091349534
[18:47:26] [Server thread/WARN]: Boat (vehicle of iIiqwertyiIigd) moved wrongly! 0.5601180091349534
[18:47:26] [Server thread/WARN]: Boat (vehicle of iIiqwertyiIigd) moved wrongly! 0.4740429567610249
[18:47:26] [Server thread/WARN]: Boat (vehicle of iIiqwertyiIigd) moved wrongly! 0.4740429567610249
[18:47:56] [Server thread/INFO]: manigoldTLC was slain by DavidsonOnion
[18:48:45] [Server thread/INFO]: manigoldTLC drowned
[18:51:13] [Server thread/INFO]: manigoldTLC lost connection: Disconnected
[18:51:13] [Server thread/INFO]: manigoldTLC left the game
[18:51:16] [Server thread/INFO]: manigoldTLC[/45.177.253.167:36508] logged in with entity id 104746 at (159.41144516899658, 63.0, -403.1787372115627)
[18:51:16] [Server thread/INFO]: manigoldTLC joined the game
[18:52:26] [Server thread/WARN]: Boat (vehicle of iIiqwertyiIigd) moved too quickly! 10.071321978988408,0.0,-2.075793856738926
[18:52:26] [Server thread/WARN]: Boat (vehicle of tlamen) moved too quickly! -10.26351595000176,0.0,-0.7741052773388901
[18:52:26] [Server thread/WARN]: Boat (vehicle of iIiqwertyiIigd) moved too quickly! 10.445583476627064,0.0,-2.21021364128967
[18:52:26] [Server thread/WARN]: Boat (vehicle of tlamen) moved too quickly! -10.631912556784641,0.0,-0.9090278724884229
[18:52:26] [Server thread/WARN]: Boat (vehicle of iIiqwertyiIigd) moved too quickly! 10.821013512249579,0.0,-2.341700935147287
[18:52:26] [Server thread/WARN]: Boat (vehicle of tlamen) moved too quickly! -11.001203063847242,0.0,-1.0437314021324937
[18:52:26] [Server thread/WARN]: Boat (vehicle of iIiqwertyiIigd) moved too quickly! 11.197841926171293,0.0,-2.4691810478149705
[18:52:26] [Server thread/WARN]: Boat (vehicle of tlamen) moved too quickly! -11.371527555297348,0.0,-1.1775664531631946
[18:52:26] [Server thread/WARN]: Boat (vehicle of iIiqwertyiIigd) moved too quickly! 11.576200081662648,0.0,-2.5918107681284823
[18:52:26] [Server thread/WARN]: Boat (vehicle of tlamen) moved too quickly! -11.742978374325048,0.0,-1.3100141198397068
[18:52:26] [Server thread/WARN]: Boat (vehicle of iIiqwertyiIigd) moved too quickly! 11.956256806282056,0.0,-2.7082628697187374
[18:52:26] [Server thread/WARN]: Boat (vehicle of tlamen) moved too quickly! -12.11561145380631,0.0,-1.4406631536720624
[18:53:46] [Server thread/INFO]: manigoldTLC was slain by lol_felipe
[18:54:33] [Server thread/INFO]: manigoldTLC lost connection: Disconnected
[18:54:33] [Server thread/INFO]: manigoldTLC left the game
[18:54:44] [Server thread/INFO]: lol_felipe lost connection: Disconnected
[18:54:44] [Server thread/INFO]: lol_felipe left the game
[18:56:28] [Server thread/INFO]: tlamen lost connection: Disconnected
[18:56:28] [Server thread/INFO]: tlamen left the game
[18:58:13] [Server thread/INFO]: Catapimbas fell from a high place
[19:03:46] [Server thread/INFO]: arturo8879 lost connection: Disconnected
[19:03:46] [Server thread/INFO]: arturo8879 left the game
[19:03:47] [Server thread/INFO]: iIiqwertyiIigd lost connection: Disconnected
[19:03:47] [Server thread/INFO]: iIiqwertyiIigd left the game
[19:04:36] [Server thread/INFO]: Catapimbas has made the advancement [Not Today, Thank You]
[19:13:17] [Server thread/INFO]: BomDiaGames lost connection: Disconnected
[19:13:17] [Server thread/INFO]: BomDiaGames left the game
[19:13:40] [Server thread/INFO]: Catapimbas lost connection: Disconnected
[19:13:40] [Server thread/INFO]: Catapimbas left the game
[19:13:51] [Server thread/INFO]: DavidsonOnion lost connection: Disconnected
[19:13:51] [Server thread/INFO]: DavidsonOnion left the game
[19:14:10] [Server thread/INFO]: Saybin lost connection: Disconnected
[19:14:10] [Server thread/INFO]: Saybin left the game
[19:16:29] [Server thread/INFO]: Stopping server
[19:16:29] [Server thread/INFO]: Saving players
[19:16:29] [Server thread/INFO]: Saving worlds
[19:16:29] [Server thread/INFO]: Saving chunks for level 'ServerLevel[world]'/minecraft:overworld
[19:16:32] [Server thread/INFO]: Saving chunks for level 'ServerLevel[world]'/minecraft:the_nether
[19:16:32] [Server thread/INFO]: Saving chunks for level 'ServerLevel[world]'/minecraft:the_end
[19:16:32] [Server thread/INFO]: ThreadedAnvilChunkStorage (world): All chunks are saved
[19:16:32] [Server thread/INFO]: ThreadedAnvilChunkStorage (DIM-1): All chunks are saved
[19:16:32] [Server thread/INFO]: ThreadedAnvilChunkStorage (DIM1): All chunks are saved
[19:16:32] [Server thread/INFO]: ThreadedAnvilChunkStorage: All dimensions are saved
